

[INFO ] 2018-06-09 17:10:53,945 method:org.springframework.web.servlet.FrameworkServlet.initServletBean(FrameworkServlet.java:489)
FrameworkServlet 'e3-search-web': initialization started


[INFO ] 2018-06-09 17:10:54,349 method:org.springframework.context.support.AbstractApplicationContext.prepareRefresh(AbstractApplicationContext.java:578)
Refreshing WebApplicationContext for namespace 'e3-search-web-servlet': startup date [Sat Jun 09 17:10:54 CST 2018]; root of context hierarchy


[INFO ] 2018-06-09 17:10:54,380 method:org.springframework.beans.factory.xml.XmlBeanDefinitionReader.loadBeanDefinitions(XmlBeanDefinitionReader.java:317)
Loading XML bean definitions from class path resource [spring/springmvc.xml]


[INFO ] 2018-06-09 17:10:54,768 method:
using logger: com.alibaba.dubbo.common.logger.log4j.Log4jLoggerAdapter


[INFO ] 2018-06-09 17:10:54,848 method:org.springframework.core.io.support.PropertiesLoaderSupport.loadProperties(PropertiesLoaderSupport.java:172)
Loading properties file from class path resource [conf/resource.properties]


[INFO ] 2018-06-09 17:10:54,851 method:org.springframework.beans.factory.annotation.AutowiredAnnotationBeanPostProcessor.<init>(AutowiredAnnotationBeanPostProcessor.java:153)
JSR-330 'javax.inject.Inject' annotation found and supported for autowiring


[INFO ] 2018-06-09 17:10:55,040 method:com.alibaba.dubbo.registry.support.AbstractRegistry.loadProperties(AbstractRegistry.java:232)
 [DUBBO] Load registry store file C:\Users\pc26\.dubbo\dubbo-registry-192.168.25.128.cache, data: {cn.e3mall.content.service.ContentCategoryService=empty://222.195.117.12:20881/cn.e3mall.content.service.ContentCategoryService?anyhost=true&application=e3-content&category=configurators&check=false&dubbo=2.5.3&interface=cn.e3mall.content.service.ContentCategoryService&methods=addContentCategory,deleteContentCategory,updateContentCategory,getContentCatList&pid=11040&side=provider&timeout=600000&timestamp=1528535428709, cn.e3mall.content.service.ContentService=empty://222.195.117.12:20881/cn.e3mall.content.service.ContentService?anyhost=true&application=e3-content&category=configurators&check=false&dubbo=2.5.3&interface=cn.e3mall.content.service.ContentService&methods=getContentListByCategoryId,selectContentListByCategoryId,addContent&pid=11040&side=provider&timeout=600000&timestamp=1528535429396, cn.e3mall.search.service.SearchItemService=empty://222.195.117.12:20882/cn.e3mall.search.service.SearchItemService?anyhost=true&application=e3-content&category=configurators&check=false&dubbo=2.5.3&interface=cn.e3mall.search.service.SearchItemService&methods=importAllItems&pid=2108&side=provider&timeout=600000&timestamp=1528535416307, cn.e3mall.service.ItemService=empty://222.195.117.12:20880/cn.e3mall.service.ItemService?anyhost=true&application=e3-manager&category=configurators&check=false&dubbo=2.5.3&interface=cn.e3mall.service.ItemService&methods=getItemList,saveItem,instockItemById,reshelfItemById,selectItemDescById,deleteItemById,getItemById,selectItemById,updateItem&pid=3100&side=provider&timeout=600000&timestamp=1528535441249, cn.e3mall.service.ItemCatService=empty://222.195.117.12:20880/cn.e3mall.service.ItemCatService?anyhost=true&application=e3-manager&category=configurators&check=false&dubbo=2.5.3&interface=cn.e3mall.service.ItemCatService&methods=getCatList&pid=3100&side=provider&timeout=600000&timestamp=1528535441904, cn.e3mall.search.service.SearchService=empty://222.195.117.12:20882/cn.e3mall.search.service.SearchService?anyhost=true&application=e3-content&category=configurators&check=false&dubbo=2.5.3&interface=cn.e3mall.search.service.SearchService&methods=search&pid=2108&side=provider&timeout=600000&timestamp=1528535417725}, dubbo version: 2.5.3, current host: 127.0.0.1


[INFO ] 2018-06-09 17:10:55,048 method:org.I0Itec.zkclient.ZkEventThread.run(ZkEventThread.java:64)
Starting ZkClient event thread.


[INFO ] 2018-06-09 17:10:55,058 method:org.apache.zookeeper.Environment.logEnv(Environment.java:100)
Client environment:zookeeper.version=3.4.7-1713338, built on 11/09/2015 04:32 GMT


[INFO ] 2018-06-09 17:10:55,059 method:org.apache.zookeeper.Environment.logEnv(Environment.java:100)
Client environment:host.name=dell3020mt-26


[INFO ] 2018-06-09 17:10:55,059 method:org.apache.zookeeper.Environment.logEnv(Environment.java:100)
Client environment:java.version=1.8.0_144


[INFO ] 2018-06-09 17:10:55,059 method:org.apache.zookeeper.Environment.logEnv(Environment.java:100)
Client environment:java.vendor=Oracle Corporation


[INFO ] 2018-06-09 17:10:55,059 method:org.apache.zookeeper.Environment.logEnv(Environment.java:100)
Client environment:java.home=D:\java jdk\jre


[INFO ] 2018-06-09 17:10:55,059 method:org.apache.zookeeper.Environment.logEnv(Environment.java:100)
Client environment:java.class.path=D:\apache-maven-3.3.9\boot\plexus-classworlds-2.5.2.jar;E:\idea1\IntelliJ IDEA 2017.3.4\lib\idea_rt.jar


[INFO ] 2018-06-09 17:10:55,060 method:org.apache.zookeeper.Environment.logEnv(Environment.java:100)
Client environment:java.library.path=D:\java jdk\bin;C:\Windows\Sun\Java\bin;C:\Windows\system32;C:\Windows;D:\java jdk\bin;C:\Program Files (x86)\Intel\iCLS Client\;C:\Program Files\Intel\iCLS Client\;C:\Windows\system32;C:\Windows;C:\Windows\System32\Wbem;C:\Windows\System32\WindowsPowerShell\v1.0\;C:\Program Files\Intel\Intel(R) Management Engine Components\DAL;C:\Program Files (x86)\Intel\Intel(R) Management Engine Components\DAL;C:\Program Files\Intel\Intel(R) Management Engine Components\IPT;C:\Program Files (x86)\Intel\Intel(R) Management Engine Components\IPT;C:\Program Files (x86)\Microsoft SQL Server\100\Tools\Binn\;C:\Program Files\Microsoft SQL Server\100\Tools\Binn\;C:\Program Files\Microsoft SQL Server\100\DTS\Binn\;C:\Program Files (x86)\Microsoft SQL Server\100\Tools\Binn\VSShell\Common7\IDE\;C:\Program Files (x86)\Microsoft Visual Studio 9.0\Common7\IDE\PrivateAssemblies\;D:\Tomcat\apache-tomcat-7.0.81\bin;C:\Program Files (x86)\Microsoft SQL Server\100\DTS\Binn\;D:\VisualSVN Server\bin;D:\apache-maven-3.3.9\bin;C:\Program Files\TortoiseSVN\bin;C:\Program Files\Microsoft SQL Server\130\Tools\Binn\;C:\Program Files\Microsoft SQL Server\120\Tools\Binn\;C:\Windows\system32\config\systemprofile\.dnx\bin;C:\Program Files\Microsoft DNX\Dnvm\;D:\Git\cmd;C:\Program Files\MySQL\MySQL Server 5.7\bin;D:\java jdk\bin;C:\Program Files (x86)\SSH Communications Security\SSH Secure Shell;.


[INFO ] 2018-06-09 17:10:55,060 method:org.apache.zookeeper.Environment.logEnv(Environment.java:100)
Client environment:java.io.tmpdir=C:\Users\pc26\AppData\Local\Temp\


[INFO ] 2018-06-09 17:10:55,060 method:org.apache.zookeeper.Environment.logEnv(Environment.java:100)
Client environment:java.compiler=<NA>


[INFO ] 2018-06-09 17:10:55,061 method:org.apache.zookeeper.Environment.logEnv(Environment.java:100)
Client environment:os.name=Windows 7


[INFO ] 2018-06-09 17:10:55,061 method:org.apache.zookeeper.Environment.logEnv(Environment.java:100)
Client environment:os.arch=amd64


[INFO ] 2018-06-09 17:10:55,061 method:org.apache.zookeeper.Environment.logEnv(Environment.java:100)
Client environment:os.version=6.1


[INFO ] 2018-06-09 17:10:55,061 method:org.apache.zookeeper.Environment.logEnv(Environment.java:100)
Client environment:user.name=pc26


[INFO ] 2018-06-09 17:10:55,061 method:org.apache.zookeeper.Environment.logEnv(Environment.java:100)
Client environment:user.home=C:\Users\pc26


[INFO ] 2018-06-09 17:10:55,061 method:org.apache.zookeeper.Environment.logEnv(Environment.java:100)
Client environment:user.dir=D:\宜立方商城\e3-search-web


[INFO ] 2018-06-09 17:10:55,062 method:org.apache.zookeeper.ZooKeeper.<init>(ZooKeeper.java:438)
Initiating client connection, connectString=192.168.25.128:2181 sessionTimeout=30000 watcher=org.I0Itec.zkclient.ZkClient@3d7dea99


[INFO ] 2018-06-09 17:10:55,081 method:org.apache.zookeeper.ClientCnxn$SendThread.logStartConnect(ClientCnxn.java:1032)
Opening socket connection to server 192.168.25.128/192.168.25.128:2181. Will not attempt to authenticate using SASL (unknown error)


[INFO ] 2018-06-09 17:10:55,101 method:org.apache.zookeeper.ClientCnxn$SendThread.primeConnection(ClientCnxn.java:876)
Socket connection established to 192.168.25.128/192.168.25.128:2181, initiating session


[INFO ] 2018-06-09 17:10:55,212 method:org.apache.zookeeper.ClientCnxn$SendThread.onConnected(ClientCnxn.java:1299)
Session establishment complete on server 192.168.25.128/192.168.25.128:2181, sessionid = 0x1628c0bd35300cb, negotiated timeout = 30000


[INFO ] 2018-06-09 17:10:55,213 method:org.I0Itec.zkclient.ZkClient.processStateChanged(ZkClient.java:449)
zookeeper state changed (SyncConnected)


[INFO ] 2018-06-09 17:10:55,229 method:com.alibaba.dubbo.registry.support.AbstractRegistry.register(AbstractRegistry.java:302)
 [DUBBO] Register: consumer://222.195.117.12/cn.e3mall.search.service.SearchService?application=e3-search-web&category=consumers&check=false&dubbo=2.5.3&interface=cn.e3mall.search.service.SearchService&methods=search&pid=11224&revision=0.0.1-SNAPSHOT&side=consumer&timestamp=1528535454993, dubbo version: 2.5.3, current host: 222.195.117.12


[INFO ] 2018-06-09 17:10:55,312 method:com.alibaba.dubbo.registry.support.AbstractRegistry.subscribe(AbstractRegistry.java:325)
 [DUBBO] Subscribe: consumer://222.195.117.12/cn.e3mall.search.service.SearchService?application=e3-search-web&category=providers,configurators,routers&dubbo=2.5.3&interface=cn.e3mall.search.service.SearchService&methods=search&pid=11224&revision=0.0.1-SNAPSHOT&side=consumer&timestamp=1528535454993, dubbo version: 2.5.3, current host: 222.195.117.12


[INFO ] 2018-06-09 17:10:55,356 method:com.alibaba.dubbo.registry.support.AbstractRegistry.notify(AbstractRegistry.java:422)
 [DUBBO] Notify urls for subscribe url consumer://222.195.117.12/cn.e3mall.search.service.SearchService?application=e3-search-web&category=providers,configurators,routers&dubbo=2.5.3&interface=cn.e3mall.search.service.SearchService&methods=search&pid=11224&revision=0.0.1-SNAPSHOT&side=consumer&timestamp=1528535454993, urls: [dubbo://222.195.117.12:20882/cn.e3mall.search.service.SearchService?anyhost=true&application=e3-content&dubbo=2.5.3&interface=cn.e3mall.search.service.SearchService&methods=search&pid=2108&side=provider&timeout=600000&timestamp=1528535417725, empty://222.195.117.12/cn.e3mall.search.service.SearchService?application=e3-search-web&category=configurators&dubbo=2.5.3&interface=cn.e3mall.search.service.SearchService&methods=search&pid=11224&revision=0.0.1-SNAPSHOT&side=consumer&timestamp=1528535454993, empty://222.195.117.12/cn.e3mall.search.service.SearchService?application=e3-search-web&category=routers&dubbo=2.5.3&interface=cn.e3mall.search.service.SearchService&methods=search&pid=11224&revision=0.0.1-SNAPSHOT&side=consumer&timestamp=1528535454993], dubbo version: 2.5.3, current host: 222.195.117.12


[INFO ] 2018-06-09 17:10:55,477 method:com.alibaba.dubbo.remoting.transport.AbstractClient.connect(AbstractClient.java:287)
 [DUBBO] Successed connect to server /222.195.117.12:20882 from NettyClient 222.195.117.12 using dubbo version 2.5.3, channel is NettyChannel [channel=[id: 0x49c042a0, /222.195.117.12:51374 => /222.195.117.12:20882]], dubbo version: 2.5.3, current host: 222.195.117.12


[INFO ] 2018-06-09 17:10:55,477 method:com.alibaba.dubbo.remoting.transport.AbstractClient.<init>(AbstractClient.java:105)
 [DUBBO] Start NettyClient dell3020mt-26/222.195.117.12 connect to the server /222.195.117.12:20882, dubbo version: 2.5.3, current host: 222.195.117.12


[INFO ] 2018-06-09 17:10:56,008 method:com.alibaba.dubbo.config.ReferenceConfig.createProxy(ReferenceConfig.java:423)
 [DUBBO] Refer dubbo service cn.e3mall.search.service.SearchService from url zookeeper://192.168.25.128:2181/com.alibaba.dubbo.registry.RegistryService?anyhost=true&application=e3-search-web&check=false&dubbo=2.5.3&interface=cn.e3mall.search.service.SearchService&methods=search&pid=11224&revision=0.0.1-SNAPSHOT&side=consumer&timeout=600000&timestamp=1528535454993, dubbo version: 2.5.3, current host: 222.195.117.12


[INFO ] 2018-06-09 17:10:58,210 method:org.springframework.web.servlet.handler.AbstractHandlerMethodMapping$MappingRegistry.register(AbstractHandlerMethodMapping.java:527)
Mapped "{[/search]}" onto public java.lang.String cn.e3mall.search.controller.SearchController.search(org.springframework.ui.Model,java.lang.String,int) throws java.lang.Exception


[INFO ] 2018-06-09 17:10:58,852 method:org.springframework.web.servlet.mvc.method.annotation.RequestMappingHandlerAdapter.initControllerAdviceCache(RequestMappingHandlerAdapter.java:532)
Looking for @ControllerAdvice: WebApplicationContext for namespace 'e3-search-web-servlet': startup date [Sat Jun 09 17:10:54 CST 2018]; root of context hierarchy


[INFO ] 2018-06-09 17:10:58,894 method:org.springframework.web.servlet.mvc.method.annotation.RequestMappingHandlerAdapter.initControllerAdviceCache(RequestMappingHandlerAdapter.java:532)
Looking for @ControllerAdvice: WebApplicationContext for namespace 'e3-search-web-servlet': startup date [Sat Jun 09 17:10:54 CST 2018]; root of context hierarchy


[INFO ] 2018-06-09 17:10:58,993 method:org.springframework.web.servlet.FrameworkServlet.initServletBean(FrameworkServlet.java:508)
FrameworkServlet 'e3-search-web': initialization completed in 4658 ms


[INFO ] 2018-06-09 17:12:31,910 method:cn.e3mall.search.excption.GlobalExceptionReslover.resolveException(GlobalExceptionReslover.java:25)
系统发生异常了


[ERROR] 2018-06-09 17:12:31,910 method:cn.e3mall.search.excption.GlobalExceptionReslover.resolveException(GlobalExceptionReslover.java:26)
系统发生异常
java.lang.ArithmeticException: / by zero
	at cn.e3mall.search.controller.SearchController.search(SearchController.java:41)
	at sun.reflect.NativeMethodAccessorImpl.invoke0(Native Method)
	at sun.reflect.NativeMethodAccessorImpl.invoke(NativeMethodAccessorImpl.java:62)
	at sun.reflect.DelegatingMethodAccessorImpl.invoke(DelegatingMethodAccessorImpl.java:43)
	at java.lang.reflect.Method.invoke(Method.java:498)
	at org.springframework.web.method.support.InvocableHandlerMethod.doInvoke(InvocableHandlerMethod.java:222)
	at org.springframework.web.method.support.InvocableHandlerMethod.invokeForRequest(InvocableHandlerMethod.java:137)
	at org.springframework.web.servlet.mvc.method.annotation.ServletInvocableHandlerMethod.invokeAndHandle(ServletInvocableHandlerMethod.java:110)
	at org.springframework.web.servlet.mvc.method.annotation.RequestMappingHandlerAdapter.invokeHandlerMethod(RequestMappingHandlerAdapter.java:814)
	at org.springframework.web.servlet.mvc.method.annotation.RequestMappingHandlerAdapter.handleInternal(RequestMappingHandlerAdapter.java:737)
	at org.springframework.web.servlet.mvc.method.AbstractHandlerMethodAdapter.handle(AbstractHandlerMethodAdapter.java:85)
	at org.springframework.web.servlet.DispatcherServlet.doDispatch(DispatcherServlet.java:959)
	at org.springframework.web.servlet.DispatcherServlet.doService(DispatcherServlet.java:893)
	at org.springframework.web.servlet.FrameworkServlet.processRequest(FrameworkServlet.java:969)
	at org.springframework.web.servlet.FrameworkServlet.doGet(FrameworkServlet.java:860)
	at javax.servlet.http.HttpServlet.service(HttpServlet.java:621)
	at org.springframework.web.servlet.FrameworkServlet.service(FrameworkServlet.java:845)
	at javax.servlet.http.HttpServlet.service(HttpServlet.java:728)
	at org.apache.catalina.core.ApplicationFilterChain.internalDoFilter(ApplicationFilterChain.java:305)
	at org.apache.catalina.core.ApplicationFilterChain.doFilter(ApplicationFilterChain.java:210)
	at org.apache.tomcat.websocket.server.WsFilter.doFilter(WsFilter.java:51)
	at org.apache.catalina.core.ApplicationFilterChain.internalDoFilter(ApplicationFilterChain.java:243)
	at org.apache.catalina.core.ApplicationFilterChain.doFilter(ApplicationFilterChain.java:210)
	at org.springframework.web.filter.CharacterEncodingFilter.doFilterInternal(CharacterEncodingFilter.java:121)
	at org.springframework.web.filter.OncePerRequestFilter.doFilter(OncePerRequestFilter.java:107)
	at org.apache.catalina.core.ApplicationFilterChain.internalDoFilter(ApplicationFilterChain.java:243)
	at org.apache.catalina.core.ApplicationFilterChain.doFilter(ApplicationFilterChain.java:210)
	at org.apache.catalina.core.StandardWrapperValve.invoke(StandardWrapperValve.java:222)
	at org.apache.catalina.core.StandardContextValve.invoke(StandardContextValve.java:123)
	at org.apache.catalina.authenticator.AuthenticatorBase.invoke(AuthenticatorBase.java:502)
	at org.apache.catalina.core.StandardHostValve.invoke(StandardHostValve.java:171)
	at org.apache.catalina.valves.ErrorReportValve.invoke(ErrorReportValve.java:100)
	at org.apache.catalina.valves.AccessLogValve.invoke(AccessLogValve.java:953)
	at org.apache.catalina.core.StandardEngineValve.invoke(StandardEngineValve.java:118)
	at org.apache.catalina.connector.CoyoteAdapter.service(CoyoteAdapter.java:408)
	at org.apache.coyote.http11.AbstractHttp11Processor.process(AbstractHttp11Processor.java:1041)
	at org.apache.coyote.AbstractProtocol$AbstractConnectionHandler.process(AbstractProtocol.java:603)
	at org.apache.tomcat.util.net.JIoEndpoint$SocketProcessor.run(JIoEndpoint.java:310)
	at java.util.concurrent.ThreadPoolExecutor.runWorker(ThreadPoolExecutor.java:1149)
	at java.util.concurrent.ThreadPoolExecutor$Worker.run(ThreadPoolExecutor.java:624)
	at java.lang.Thread.run(Thread.java:748)
